<?xml version="1.0" encoding="UTF-8"?>
<!-- Generated by org.testng.reporters.JUnitXMLReporter -->
<testsuite hostname="LIN16007873" ignored="0" name="Test-chrome" tests="2" failures="0" timestamp="31 Mar 2021 07:14:02 GMT" time="60.965" errors="0">
  <testcase name="Login" time="12.46" classname="testCases.Testcase1"/>
  <testcase name="Login" time="8.954" classname="testCases.Testcase1"/>
</testsuite> <!-- Test-chrome -->
