<?xml version="1.0" encoding="UTF-8"?>
<!-- Generated by org.testng.reporters.JUnitXMLReporter -->
<testsuite hostname="LIN16007873" ignored="0" name="Test-chrome" tests="2" failures="0" timestamp="31 Mar 2021 05:06:05 GMT" time="93.534" errors="0">
  <testcase name="Login" time="18.697" classname="testCases.Testcase1"/>
  <testcase name="Login" time="5.72" classname="testCases.Testcase1"/>
</testsuite> <!-- Test-chrome -->
