<?xml version="1.0" encoding="UTF-8"?>
<!-- Generated by org.testng.reporters.JUnitXMLReporter -->
<testsuite hostname="LIN16007873" ignored="0" name="Test-chrome" tests="2" failures="0" timestamp="31 Mar 2021 16:27:56 GMT" time="39.237" errors="0">
  <testcase name="Login" time="7.898" classname="testCases.Testcase1"/>
  <testcase name="Login" time="4.506" classname="testCases.Testcase1"/>
</testsuite> <!-- Test-chrome -->
