<?xml version="1.0" encoding="UTF-8"?>
<!-- Generated by org.testng.reporters.JUnitXMLReporter -->
<testsuite hostname="LIN16007873" ignored="0" name="Test-firefox" tests="2" failures="0" timestamp="31 Mar 2021 16:28:44 GMT" time="47.232" errors="0">
  <testcase name="Login" time="4.212" classname="testCases.Testcase1"/>
  <testcase name="Login" time="4.165" classname="testCases.Testcase1"/>
</testsuite> <!-- Test-firefox -->
