<?xml version="1.0" encoding="UTF-8"?>
<!-- Generated by org.testng.reporters.JUnitReportReporter -->
<testsuite skipped="0" hostname="LIN16007873" name="testCases.Testcase1" tests="4" failures="0" timestamp="31 Mar 2021 05:06:56 GMT" time="143.372" errors="0">
  <testcase name="Login" time="20.205" classname="testCases.Testcase1"/>
  <testcase name="Login" time="29.713" classname="testCases.Testcase1"/>
  <testcase name="Login" time="37.769" classname="testCases.Testcase1"/>
  <testcase name="Login" time="55.685" classname="testCases.Testcase1"/>
</testsuite> <!-- testCases.Testcase1 -->
