<?xml version="1.0" encoding="UTF-8"?>
<!-- Generated by org.testng.reporters.JUnitReportReporter -->
<testsuite skipped="0" hostname="LIN16007873" name="testCases.Testcase1" tests="2" failures="0" timestamp="30 Mar 2021 11:17:33 GMT" time="65.950" errors="0">
  <testcase name="Login" time="43.080" classname="testCases.Testcase1"/>
  <testcase name="Login" time="22.870" classname="testCases.Testcase1"/>
</testsuite> <!-- testCases.Testcase1 -->
