<?xml version="1.0" encoding="UTF-8"?>
<!-- Generated by org.testng.reporters.JUnitReportReporter -->
<testsuite skipped="0" hostname="LIN16007873" name="resources.browse" tests="4" failures="0" timestamp="01 Apr 2021 04:54:14 GMT" time="37.455" errors="0">
  <testcase name="openSTM" time="6.369" classname="resources.browse"/>
  <testcase name="run" time="6.570" classname="resources.browse"/>
  <testcase name="openSTM" time="8.349" classname="resources.browse"/>
  <testcase name="openSTM" time="16.167" classname="resources.browse"/>
</testsuite> <!-- resources.browse -->
