<?xml version="1.0" encoding="UTF-8"?>
<!-- Generated by org.testng.reporters.JUnitReportReporter -->
<testsuite skipped="0" hostname="LIN16007873" name="resources.browse" tests="4" failures="0" timestamp="30 Mar 2021 13:14:01 GMT" time="68.244" errors="0">
  <testcase name="openSTM" time="7.726" classname="resources.browse"/>
  <testcase name="run" time="5.580" classname="resources.browse"/>
  <testcase name="openSTM" time="6.678" classname="resources.browse"/>
  <testcase name="openSTM" time="48.260" classname="resources.browse"/>
</testsuite> <!-- resources.browse -->
