<?xml version="1.0" encoding="UTF-8"?>
<!-- Generated by org.testng.reporters.JUnitReportReporter -->
<testsuite skipped="0" hostname="LIN16007873" name="testCases.Testcase1" tests="4" failures="0" timestamp="31 Mar 2021 07:15:22 GMT" time="139.819" errors="0">
  <testcase name="Login" time="33.118" classname="testCases.Testcase1"/>
  <testcase name="Login" time="24.917" classname="testCases.Testcase1"/>
  <testcase name="Login" time="36.004" classname="testCases.Testcase1"/>
  <testcase name="Login" time="45.780" classname="testCases.Testcase1"/>
</testsuite> <!-- testCases.Testcase1 -->
