<?xml version="1.0" encoding="UTF-8"?>
<!-- Generated by org.testng.reporters.JUnitReportReporter -->
<testsuite skipped="0" hostname="LIN16007873" name="testCases.Testcase1" tests="4" failures="0" timestamp="31 Mar 2021 16:28:44 GMT" time="86.429" errors="0">
  <testcase name="Login" time="22.402" classname="testCases.Testcase1"/>
  <testcase name="Login" time="16.797" classname="testCases.Testcase1"/>
  <testcase name="Login" time="24.247" classname="testCases.Testcase1"/>
  <testcase name="Login" time="22.983" classname="testCases.Testcase1"/>
</testsuite> <!-- testCases.Testcase1 -->
